<?xml version="1.0" encoding="UTF-8"?>
<!-- Generated by org.testng.reporters.JUnitReportReporter -->
<testsuite skipped="0" hostname="Sinagz" name="com.Zoho.test.test1" tests="1" failures="0" timestamp="05 Jan 2018 10:52:24 GMT" time="0.011" errors="0">
  <testcase name="test" time="0.011" classname="com.Zoho.test.test1"/>
</testsuite> <!-- com.Zoho.test.test1 -->
