<?xml version="1.0" encoding="UTF-8"?>
<!-- Generated by org.testng.reporters.JUnitReportReporter -->
<testsuite skipped="0" hostname="Sinagz" name="com.Zoho.test.TestValidLoginLogout" tests="1" failures="0" timestamp="08 Jan 2018 13:22:23 GMT" time="47.088" errors="0">
  <testcase name="validLoginLogoutTest" time="47.088" classname="com.Zoho.test.TestValidLoginLogout"/>
</testsuite> <!-- com.Zoho.test.TestValidLoginLogout -->
